nohup: ignoring input

  .   ____          _            __ _ _
 /\\ / ___'_ __ _ _(_)_ __  __ _ \ \ \ \
( ( )\___ | '_ | '_| | '_ \/ _` | \ \ \ \
 \\/  ___)| |_)| | | | | || (_| |  ) ) ) )
  '  |____| .__|_| |_|_| |_\__, | / / / /
 =========|_|==============|___/=/_/_/_/

 :: Spring Boot ::                (v4.1.0)

2026-06-13T18:51:18.691+02:00  INFO 87537 --- [demo] [           main] com.observability.demo.DemoApplication   : Starting DemoApplication v0.0.1-SNAPSHOT using Java 17.0.19 with PID 87537 (/root/observability/applications/springboot-app/demo/target/demo-0.0.1-SNAPSHOT.jar started by root in /root/observability/applications/springboot-app/demo)
2026-06-13T18:51:18.697+02:00  INFO 87537 --- [demo] [           main] com.observability.demo.DemoApplication   : No active profile set, falling back to 1 default profile: "default"
2026-06-13T18:51:20.001+02:00  INFO 87537 --- [demo] [           main] o.s.boot.tomcat.TomcatWebServer          : Tomcat initialized with port 8080 (http)
2026-06-13T18:51:20.018+02:00  INFO 87537 --- [demo] [           main] o.apache.catalina.core.StandardService   : Starting service [Tomcat]
2026-06-13T18:51:20.018+02:00  INFO 87537 --- [demo] [           main] o.apache.catalina.core.StandardEngine    : Starting Servlet engine: [Apache Tomcat/11.0.22]
2026-06-13T18:51:20.049+02:00  INFO 87537 --- [demo] [           main] b.w.c.s.WebApplicationContextInitializer : Root WebApplicationContext: initialization completed in 1289 ms
2026-06-13T18:51:20.785+02:00  INFO 87537 --- [demo] [           main] o.s.b.a.e.web.EndpointLinksResolver      : Exposing 12 endpoints beneath base path '/actuator'
2026-06-13T18:51:20.880+02:00  INFO 87537 --- [demo] [           main] o.s.boot.tomcat.TomcatWebServer          : Tomcat started on port 8080 (http) with context path '/'
2026-06-13T18:51:20.894+02:00  INFO 87537 --- [demo] [           main] com.observability.demo.DemoApplication   : Started DemoApplication in 2.779 seconds (process running for 3.732)
2026-06-13T18:51:22.671+02:00  INFO 87537 --- [demo] [nio-8080-exec-1] o.a.c.c.C.[Tomcat].[localhost].[/]       : Initializing Spring DispatcherServlet 'dispatcherServlet'
2026-06-13T18:51:22.671+02:00  INFO 87537 --- [demo] [nio-8080-exec-1] o.s.web.servlet.DispatcherServlet        : Initializing Servlet 'dispatcherServlet'
2026-06-13T18:51:22.673+02:00  INFO 87537 --- [demo] [nio-8080-exec-1] o.s.web.servlet.DispatcherServlet        : Completed initialization in 2 ms
2026-06-14T10:09:26.011+02:00  INFO 87537 --- [demo] [ionShutdownHook] o.s.boot.tomcat.GracefulShutdown         : Commencing graceful shutdown. Waiting for active requests to complete
2026-06-14T10:09:26.050+02:00  INFO 87537 --- [demo] [tomcat-shutdown] o.s.boot.tomcat.GracefulShutdown         : Graceful shutdown complete
